<?xml version="1.0" encoding="UTF-8"?>
<testng-results ignored="0" total="1" passed="1" failed="0" skipped="0">
  <reporter-output>
  </reporter-output>
  <suite started-at="2023-08-07T07:05:16 IST" name="Default suite" finished-at="2023-08-07T07:07:33 IST" duration-ms="137027">
    <groups>
    </groups>
    <test started-at="2023-08-07T07:05:16 IST" name="Default test" finished-at="2023-08-07T07:07:33 IST" duration-ms="137027">
      <class name="mcxindia.TaskOne">
        <test-method is-config="true" signature="openurl()[pri:0, instance:mcxindia.TaskOne@41e36e46]" started-at="2023-08-07T07:05:16 IST" name="openurl" finished-at="2023-08-07T07:06:54 IST" duration-ms="98046" status="PASS">
          <reporter-output>
          </reporter-output>
        </test-method> <!-- openurl -->
        <test-method signature="login()[pri:0, instance:mcxindia.TaskOne@41e36e46]" started-at="2023-08-07T07:06:54 IST" name="login" finished-at="2023-08-07T07:07:33 IST" duration-ms="38886" status="PASS">
          <reporter-output>
          </reporter-output>
        </test-method> <!-- login -->
        <test-method is-config="true" signature="afterTest()[pri:0, instance:mcxindia.TaskOne@41e36e46]" started-at="2023-08-07T07:07:33 IST" name="afterTest" finished-at="2023-08-07T07:07:33 IST" duration-ms="66" status="PASS">
          <reporter-output>
          </reporter-output>
        </test-method> <!-- afterTest -->
      </class> <!-- mcxindia.TaskOne -->
    </test> <!-- Default test -->
  </suite> <!-- Default suite -->
</testng-results>
